\BOOKMARK [0][-]{chapter.1}{\376\377\000P\000a\000c\000m\000a\000n}{}% 1
\BOOKMARK [1][-]{section.1.1}{\376\377\006\052\006\110\006\047\006\050\006\071\000\040\006\054\006\063\006\052\006\054\006\110\006\314\000\040\006\105\006\063\006\314\006\061}{chapter.1}% 2
\BOOKMARK [2][-]{subsection.1.1.1}{\376\377\006\052\006\047\006\050\006\071\000\040\006\071\006\105\006\102\000\040\006\047\006\110\006\104}{section.1.1}% 3
\BOOKMARK [2][-]{subsection.1.1.2}{\376\377\006\052\006\047\006\050\006\071\000\040\006\071\006\061\006\066\000\040\006\047\006\110\006\104}{section.1.1}% 4
\BOOKMARK [2][-]{subsection.1.1.3}{\376\377\006\052\006\047\006\050\006\071\000\040\006\107\006\062\006\314\006\106\006\107\040\014\006\314\006\047\006\050\006\314\000\040\006\314\006\251\006\106\006\110\006\047\006\056\006\052}{section.1.1}% 5
\BOOKMARK [2][-]{subsection.1.1.4}{\376\377\006\052\006\047\006\050\006\071\000\040\000A}{section.1.1}% 6
\BOOKMARK [1][-]{section.1.2}{\376\377\006\056\006\061\006\110\006\054\006\314\000\040\006\052\006\110\006\047\006\050\006\071}{chapter.1}% 7
\BOOKMARK [2][-]{subsection.1.2.1}{\376\377\006\105\006\055\006\314\006\067\000\040\006\063\006\047\006\057\006\107}{section.1.2}% 8
\BOOKMARK [2][-]{subsection.1.2.2}{\376\377\006\105\006\055\006\314\006\067\000\040\006\063\006\056\006\052}{section.1.2}% 9
\BOOKMARK [2][-]{subsection.1.2.3}{\376\377\006\105\006\055\006\314\006\067\000\040\006\050\006\062\006\061\006\257}{section.1.2}% 10
\BOOKMARK [0][-]{chapter.2}{\376\377\006\061\006\257\006\061\006\063\006\314\006\110\006\106\000\040\006\056\006\067\006\314}{}% 11
\BOOKMARK [1][-]{section.2.1}{\376\377\006\047\006\251\006\052\006\064\006\047\006\101\000\040\006\057\006\061\006\110\006\106\000\040\006\057\006\047\006\057\006\107\040\014\006\107\006\047}{chapter.2}% 12
\BOOKMARK [2][-]{subsection.2.1.1}{\376\377\006\176\006\061\000\040\006\251\006\061\006\057\006\106\000\040\006\105\006\102\006\047\006\057\006\314\006\061\000\040\006\056\006\047\006\104\006\314}{section.2.1}% 13
\BOOKMARK [2][-]{subsection.2.1.2}{\376\377\006\061\006\063\006\105\000\040\006\106\006\102\006\064\006\107\000\040\006\257\006\061\006\105\006\047\006\314\006\314\000\040\006\107\006\105\006\050\006\063\006\052\006\257\006\314}{section.2.1}% 14
\BOOKMARK [2][-]{subsection.2.1.3}{\376\377\006\047\006\063\006\251\006\314\006\104\000\040\006\251\006\061\006\057\006\106}{section.2.1}% 15
\BOOKMARK [2][-]{subsection.2.1.4}{\376\377\006\042\006\105\006\047\006\057\006\107\040\014\006\063\006\047\006\062\006\314\000\040\006\057\006\047\006\057\006\107\040\014\006\107\006\047\000\040\006\050\006\061\006\047\006\314\000\040\006\042\006\105\006\110\006\062\006\064\000\040\006\105\006\057\006\104}{section.2.1}% 16
\BOOKMARK [1][-]{section.2.2}{\376\377\006\105\006\057\006\104\040\014\006\063\006\047\006\062\006\314\000\040\006\057\006\047\006\057\006\107\040\014\006\107\006\047\000\040\006\110\000\040\006\042\006\105\006\110\006\062\006\064}{chapter.2}% 17
\BOOKMARK [2][-]{subsection.2.2.1}{\376\377\006\052\006\047\006\050\006\071\000\040\006\061\006\257\006\061\006\063\006\314\006\110\006\106\000\040\006\056\006\067\006\314}{section.2.2}% 18
\BOOKMARK [1][-]{section.2.3}{\376\377\006\176\006\314\006\064\040\014\006\050\006\314\006\106\006\314}{chapter.2}% 19
\BOOKMARK [2][-]{subsection.2.3.1}{\376\377\006\176\006\314\006\064\040\014\006\050\006\314\006\106\006\314\000\040\006\061\006\110\006\314\000\040\006\057\006\047\006\057\006\107\040\014\006\107\006\047\006\314\000\040\006\052\006\063\006\052}{section.2.3}% 20
\BOOKMARK [2][-]{subsection.2.3.2}{\376\377\006\050\006\047\006\062\006\314\000\040\006\251\006\061\006\057\006\106\000\040\006\050\006\047\000\040\006\176\006\047\006\061\006\047\006\105\006\052\006\061\006\107\006\047}{section.2.3}% 21
